<?xml version="1.0" encoding="UTF-8"?>
<!-- Generated by org.testng.reporters.JUnitReportReporter -->
<testsuite name="com.infostretchqfaautomation.Page.InfostretchQAFMainPage" tests="1" time="79.520" ignored="0" failures="0" timestamp="08 Jan 2018 11:28:46 GMT" skipped="0" hostname="ICPL12742" errors="0">
  <testcase name="verificationInfostretchWeb" time="79.520" classname="com.infostretchqfaautomation.Page.InfostretchQAFMainPage"/>
</testsuite> <!-- com.infostretchqfaautomation.Page.InfostretchQAFMainPage -->
