<?xml version="1.0" encoding="UTF-8"?>
<!-- Generated by org.testng.reporters.JUnitReportReporter -->
<testsuite name="com.infostretchqfaautomation.Page.InfostretchQAFMainPage" tests="1" time="19.568" ignored="0" failures="0" timestamp="05 Jan 2018 03:56:12 GMT" skipped="0" hostname="ICPL12742" errors="0">
  <testcase name="verificationInfostretchWeb" time="19.568" classname="com.infostretchqfaautomation.Page.InfostretchQAFMainPage"/>
</testsuite> <!-- com.infostretchqfaautomation.Page.InfostretchQAFMainPage -->
